Determining if the pthread_create exist failed with the following output:
Change Dir: /home/jksun/surf-2019/jksun_ws/build/custom_msgs/CMakeFiles/CMakeTmp

Run Build Command:"/usr/bin/make" "cmTC_1b63b/fast"
/usr/bin/make -f CMakeFiles/cmTC_1b63b.dir/build.make CMakeFiles/cmTC_1b63b.dir/build
make[1]: Entering directory '/home/jksun/surf-2019/jksun_ws/build/custom_msgs/CMakeFiles/CMakeTmp'
Building C object CMakeFiles/cmTC_1b63b.dir/CheckSymbolExists.c.o
/usr/bin/cc    -o CMakeFiles/cmTC_1b63b.dir/CheckSymbolExists.c.o   -c /home/jksun/surf-2019/jksun_ws/build/custom_msgs/CMakeFiles/CMakeTmp/CheckSymbolExists.c
Linking C executable cmTC_1b63b
/usr/bin/cmake -E cmake_link_script CMakeFiles/cmTC_1b63b.dir/link.txt --verbose=1
/usr/bin/cc      -rdynamic CMakeFiles/cmTC_1b63b.dir/CheckSymbolExists.c.o  -o cmTC_1b63b 
CMakeFiles/cmTC_1b63b.dir/CheckSymbolExists.c.o: In function `main':
CheckSymbolExists.c:(.text+0x1b): undefined reference to `pthread_create'
collect2: error: ld returned 1 exit status
CMakeFiles/cmTC_1b63b.dir/build.make:97: recipe for target 'cmTC_1b63b' failed
make[1]: *** [cmTC_1b63b] Error 1
make[1]: Leaving directory '/home/jksun/surf-2019/jksun_ws/build/custom_msgs/CMakeFiles/CMakeTmp'
Makefile:126: recipe for target 'cmTC_1b63b/fast' failed
make: *** [cmTC_1b63b/fast] Error 2

File /home/jksun/surf-2019/jksun_ws/build/custom_msgs/CMakeFiles/CMakeTmp/CheckSymbolExists.c:
/* */
#include <pthread.h>

int main(int argc, char** argv)
{
  (void)argv;
#ifndef pthread_create
  return ((int*)(&pthread_create))[argc];
#else
  (void)argc;
  return 0;
#endif
}

Determining if the function pthread_create exists in the pthreads failed with the following output:
Change Dir: /home/jksun/surf-2019/jksun_ws/build/custom_msgs/CMakeFiles/CMakeTmp

Run Build Command:"/usr/bin/make" "cmTC_081eb/fast"
/usr/bin/make -f CMakeFiles/cmTC_081eb.dir/build.make CMakeFiles/cmTC_081eb.dir/build
make[1]: Entering directory '/home/jksun/surf-2019/jksun_ws/build/custom_msgs/CMakeFiles/CMakeTmp'
Building C object CMakeFiles/cmTC_081eb.dir/CheckFunctionExists.c.o
/usr/bin/cc   -DCHECK_FUNCTION_EXISTS=pthread_create   -o CMakeFiles/cmTC_081eb.dir/CheckFunctionExists.c.o   -c /usr/share/cmake-3.10/Modules/CheckFunctionExists.c
Linking C executable cmTC_081eb
/usr/bin/cmake -E cmake_link_script CMakeFiles/cmTC_081eb.dir/link.txt --verbose=1
/usr/bin/cc  -DCHECK_FUNCTION_EXISTS=pthread_create    -rdynamic CMakeFiles/cmTC_081eb.dir/CheckFunctionExists.c.o  -o cmTC_081eb -lpthreads 
/usr/bin/ld: cannot find -lpthreads
collect2: error: ld returned 1 exit status
CMakeFiles/cmTC_081eb.dir/build.make:97: recipe for target 'cmTC_081eb' failed
make[1]: *** [cmTC_081eb] Error 1
make[1]: Leaving directory '/home/jksun/surf-2019/jksun_ws/build/custom_msgs/CMakeFiles/CMakeTmp'
Makefile:126: recipe for target 'cmTC_081eb/fast' failed
make: *** [cmTC_081eb/fast] Error 2


