Determining if the pthread_create exist failed with the following output:
Change Dir: /home/jksun/surf-2019/jksun_ws/build/hivemind/CMakeFiles/CMakeTmp

Run Build Command:"/usr/bin/make" "cmTC_ed469/fast"
/usr/bin/make -f CMakeFiles/cmTC_ed469.dir/build.make CMakeFiles/cmTC_ed469.dir/build
make[1]: Entering directory '/home/jksun/surf-2019/jksun_ws/build/hivemind/CMakeFiles/CMakeTmp'
Building C object CMakeFiles/cmTC_ed469.dir/CheckSymbolExists.c.o
/usr/bin/cc    -o CMakeFiles/cmTC_ed469.dir/CheckSymbolExists.c.o   -c /home/jksun/surf-2019/jksun_ws/build/hivemind/CMakeFiles/CMakeTmp/CheckSymbolExists.c
Linking C executable cmTC_ed469
/usr/bin/cmake -E cmake_link_script CMakeFiles/cmTC_ed469.dir/link.txt --verbose=1
/usr/bin/cc      -rdynamic CMakeFiles/cmTC_ed469.dir/CheckSymbolExists.c.o  -o cmTC_ed469 
CMakeFiles/cmTC_ed469.dir/CheckSymbolExists.c.o: In function `main':
CheckSymbolExists.c:(.text+0x1b): undefined reference to `pthread_create'
collect2: error: ld returned 1 exit status
CMakeFiles/cmTC_ed469.dir/build.make:97: recipe for target 'cmTC_ed469' failed
make[1]: *** [cmTC_ed469] Error 1
make[1]: Leaving directory '/home/jksun/surf-2019/jksun_ws/build/hivemind/CMakeFiles/CMakeTmp'
Makefile:126: recipe for target 'cmTC_ed469/fast' failed
make: *** [cmTC_ed469/fast] Error 2

File /home/jksun/surf-2019/jksun_ws/build/hivemind/CMakeFiles/CMakeTmp/CheckSymbolExists.c:
/* */
#include <pthread.h>

int main(int argc, char** argv)
{
  (void)argv;
#ifndef pthread_create
  return ((int*)(&pthread_create))[argc];
#else
  (void)argc;
  return 0;
#endif
}

Determining if the function pthread_create exists in the pthreads failed with the following output:
Change Dir: /home/jksun/surf-2019/jksun_ws/build/hivemind/CMakeFiles/CMakeTmp

Run Build Command:"/usr/bin/make" "cmTC_2de0c/fast"
/usr/bin/make -f CMakeFiles/cmTC_2de0c.dir/build.make CMakeFiles/cmTC_2de0c.dir/build
make[1]: Entering directory '/home/jksun/surf-2019/jksun_ws/build/hivemind/CMakeFiles/CMakeTmp'
Building C object CMakeFiles/cmTC_2de0c.dir/CheckFunctionExists.c.o
/usr/bin/cc   -DCHECK_FUNCTION_EXISTS=pthread_create   -o CMakeFiles/cmTC_2de0c.dir/CheckFunctionExists.c.o   -c /usr/share/cmake-3.10/Modules/CheckFunctionExists.c
Linking C executable cmTC_2de0c
/usr/bin/cmake -E cmake_link_script CMakeFiles/cmTC_2de0c.dir/link.txt --verbose=1
/usr/bin/cc  -DCHECK_FUNCTION_EXISTS=pthread_create    -rdynamic CMakeFiles/cmTC_2de0c.dir/CheckFunctionExists.c.o  -o cmTC_2de0c -lpthreads 
/usr/bin/ld: cannot find -lpthreads
collect2: error: ld returned 1 exit status
CMakeFiles/cmTC_2de0c.dir/build.make:97: recipe for target 'cmTC_2de0c' failed
make[1]: *** [cmTC_2de0c] Error 1
make[1]: Leaving directory '/home/jksun/surf-2019/jksun_ws/build/hivemind/CMakeFiles/CMakeTmp'
Makefile:126: recipe for target 'cmTC_2de0c/fast' failed
make: *** [cmTC_2de0c/fast] Error 2


