Symlinking /home/jksun/surf-2019/jksun_ws/devel/include/hivemind/reaction_wheelRequest.h
Symlinking /home/jksun/surf-2019/jksun_ws/devel/include/hivemind/reaction_wheelResponse.h
Symlinking /home/jksun/surf-2019/jksun_ws/devel/include/hivemind/CVXpyResponse.h
Symlinking /home/jksun/surf-2019/jksun_ws/devel/include/hivemind/plottingRequest.h
Symlinking /home/jksun/surf-2019/jksun_ws/devel/include/hivemind/plottingResponse.h
Symlinking /home/jksun/surf-2019/jksun_ws/devel/include/hivemind/SATO.h
Symlinking /home/jksun/surf-2019/jksun_ws/devel/include/hivemind/SATO_controller.h
Symlinking /home/jksun/surf-2019/jksun_ws/devel/include/hivemind/Thrusters16.h
Symlinking /home/jksun/surf-2019/jksun_ws/devel/include/hivemind/CVXpy.h
Symlinking /home/jksun/surf-2019/jksun_ws/devel/include/hivemind/reaction_wheel.h
Symlinking /home/jksun/surf-2019/jksun_ws/devel/include/hivemind/Velocity3.h
Symlinking /home/jksun/surf-2019/jksun_ws/devel/include/hivemind/SATOResponse.h
Symlinking /home/jksun/surf-2019/jksun_ws/devel/include/hivemind/plotting.h
Symlinking /home/jksun/surf-2019/jksun_ws/devel/include/hivemind/CVXpyRequest.h
Symlinking /home/jksun/surf-2019/jksun_ws/devel/include/hivemind/Thrusters8.h
Symlinking /home/jksun/surf-2019/jksun_ws/devel/include/hivemind/SATORequest.h
Symlinking /home/jksun/surf-2019/jksun_ws/devel/lib/pkgconfig/hivemind.pc
Symlinking /home/jksun/surf-2019/jksun_ws/devel/lib/python2.7/dist-packages/hivemind/__init__.py
Symlinking /home/jksun/surf-2019/jksun_ws/devel/lib/python2.7/dist-packages/hivemind/srv/_CVXpy.py
Symlinking /home/jksun/surf-2019/jksun_ws/devel/lib/python2.7/dist-packages/hivemind/srv/_reaction_wheel.py
Symlinking /home/jksun/surf-2019/jksun_ws/devel/lib/python2.7/dist-packages/hivemind/srv/__init__.py
Symlinking /home/jksun/surf-2019/jksun_ws/devel/lib/python2.7/dist-packages/hivemind/srv/_plotting.py
Symlinking /home/jksun/surf-2019/jksun_ws/devel/lib/python2.7/dist-packages/hivemind/srv/_SATO.py
Symlinking /home/jksun/surf-2019/jksun_ws/devel/lib/python2.7/dist-packages/hivemind/msg/_Thrusters16.py
Symlinking /home/jksun/surf-2019/jksun_ws/devel/lib/python2.7/dist-packages/hivemind/msg/_SATO_controller.py
Symlinking /home/jksun/surf-2019/jksun_ws/devel/lib/python2.7/dist-packages/hivemind/msg/__init__.py
Symlinking /home/jksun/surf-2019/jksun_ws/devel/lib/python2.7/dist-packages/hivemind/msg/_Thrusters8.py
Symlinking /home/jksun/surf-2019/jksun_ws/devel/lib/python2.7/dist-packages/hivemind/msg/_Velocity3.py
Symlinking /home/jksun/surf-2019/jksun_ws/devel/lib/hivemind/dummy_data_node
Symlinking /home/jksun/surf-2019/jksun_ws/devel/lib/hivemind/control_node
Symlinking /home/jksun/surf-2019/jksun_ws/devel/share/roseus/ros/hivemind/manifest.l
Symlinking /home/jksun/surf-2019/jksun_ws/devel/share/roseus/ros/hivemind/srv/CVXpy.l
Symlinking /home/jksun/surf-2019/jksun_ws/devel/share/roseus/ros/hivemind/srv/reaction_wheel.l
Symlinking /home/jksun/surf-2019/jksun_ws/devel/share/roseus/ros/hivemind/srv/plotting.l
Symlinking /home/jksun/surf-2019/jksun_ws/devel/share/roseus/ros/hivemind/srv/SATO.l
Symlinking /home/jksun/surf-2019/jksun_ws/devel/share/roseus/ros/hivemind/msg/Thrusters8.l
Symlinking /home/jksun/surf-2019/jksun_ws/devel/share/roseus/ros/hivemind/msg/Velocity3.l
Symlinking /home/jksun/surf-2019/jksun_ws/devel/share/roseus/ros/hivemind/msg/SATO_controller.l
Symlinking /home/jksun/surf-2019/jksun_ws/devel/share/roseus/ros/hivemind/msg/Thrusters16.l
Symlinking /home/jksun/surf-2019/jksun_ws/devel/share/gennodejs/ros/hivemind/_index.js
Symlinking /home/jksun/surf-2019/jksun_ws/devel/share/gennodejs/ros/hivemind/srv/_index.js
Symlinking /home/jksun/surf-2019/jksun_ws/devel/share/gennodejs/ros/hivemind/srv/SATO.js
Symlinking /home/jksun/surf-2019/jksun_ws/devel/share/gennodejs/ros/hivemind/srv/reaction_wheel.js
Symlinking /home/jksun/surf-2019/jksun_ws/devel/share/gennodejs/ros/hivemind/srv/CVXpy.js
Symlinking /home/jksun/surf-2019/jksun_ws/devel/share/gennodejs/ros/hivemind/srv/plotting.js
Symlinking /home/jksun/surf-2019/jksun_ws/devel/share/gennodejs/ros/hivemind/msg/_index.js
Symlinking /home/jksun/surf-2019/jksun_ws/devel/share/gennodejs/ros/hivemind/msg/SATO_controller.js
Symlinking /home/jksun/surf-2019/jksun_ws/devel/share/gennodejs/ros/hivemind/msg/Thrusters8.js
Symlinking /home/jksun/surf-2019/jksun_ws/devel/share/gennodejs/ros/hivemind/msg/Thrusters16.js
Symlinking /home/jksun/surf-2019/jksun_ws/devel/share/gennodejs/ros/hivemind/msg/Velocity3.js
Symlinking /home/jksun/surf-2019/jksun_ws/devel/share/common-lisp/ros/hivemind/srv/SATO.lisp
Symlinking /home/jksun/surf-2019/jksun_ws/devel/share/common-lisp/ros/hivemind/srv/_package_plotting.lisp
Symlinking /home/jksun/surf-2019/jksun_ws/devel/share/common-lisp/ros/hivemind/srv/_package_CVXpy.lisp
Symlinking /home/jksun/surf-2019/jksun_ws/devel/share/common-lisp/ros/hivemind/srv/hivemind-srv.asd
Symlinking /home/jksun/surf-2019/jksun_ws/devel/share/common-lisp/ros/hivemind/srv/_package_reaction_wheel.lisp
Symlinking /home/jksun/surf-2019/jksun_ws/devel/share/common-lisp/ros/hivemind/srv/reaction_wheel.lisp
Symlinking /home/jksun/surf-2019/jksun_ws/devel/share/common-lisp/ros/hivemind/srv/_package.lisp
Symlinking /home/jksun/surf-2019/jksun_ws/devel/share/common-lisp/ros/hivemind/srv/_package_SATO.lisp
Symlinking /home/jksun/surf-2019/jksun_ws/devel/share/common-lisp/ros/hivemind/srv/plotting.lisp
Symlinking /home/jksun/surf-2019/jksun_ws/devel/share/common-lisp/ros/hivemind/srv/CVXpy.lisp
Symlinking /home/jksun/surf-2019/jksun_ws/devel/share/common-lisp/ros/hivemind/msg/Thrusters16.lisp
Symlinking /home/jksun/surf-2019/jksun_ws/devel/share/common-lisp/ros/hivemind/msg/_package_SATO_controller.lisp
Symlinking /home/jksun/surf-2019/jksun_ws/devel/share/common-lisp/ros/hivemind/msg/Velocity3.lisp
Symlinking /home/jksun/surf-2019/jksun_ws/devel/share/common-lisp/ros/hivemind/msg/_package_Velocity3.lisp
Symlinking /home/jksun/surf-2019/jksun_ws/devel/share/common-lisp/ros/hivemind/msg/_package_Thrusters16.lisp
Symlinking /home/jksun/surf-2019/jksun_ws/devel/share/common-lisp/ros/hivemind/msg/SATO_controller.lisp
Symlinking /home/jksun/surf-2019/jksun_ws/devel/share/common-lisp/ros/hivemind/msg/_package.lisp
Symlinking /home/jksun/surf-2019/jksun_ws/devel/share/common-lisp/ros/hivemind/msg/hivemind-msg.asd
Symlinking /home/jksun/surf-2019/jksun_ws/devel/share/common-lisp/ros/hivemind/msg/Thrusters8.lisp
Symlinking /home/jksun/surf-2019/jksun_ws/devel/share/common-lisp/ros/hivemind/msg/_package_Thrusters8.lisp
Symlinking /home/jksun/surf-2019/jksun_ws/devel/share/hivemind/cmake/hivemindConfig.cmake
Symlinking /home/jksun/surf-2019/jksun_ws/devel/share/hivemind/cmake/hivemind-msg-extras.cmake
Symlinking /home/jksun/surf-2019/jksun_ws/devel/share/hivemind/cmake/hivemind-msg-paths.cmake
Symlinking /home/jksun/surf-2019/jksun_ws/devel/share/hivemind/cmake/hivemindConfig-version.cmake
