[35m[1mScanning dependencies of target _hivemind_generate_messages_check_deps_Thrusters16[0m
[  0%] Built target _hivemind_generate_messages_check_deps_Thrusters16
[35m[1mScanning dependencies of target _hivemind_generate_messages_check_deps_plotting[0m
[  0%] Built target _hivemind_generate_messages_check_deps_plotting
[35m[1mScanning dependencies of target _hivemind_generate_messages_check_deps_CVXpy[0m
[  0%] Built target _hivemind_generate_messages_check_deps_CVXpy
[35m[1mScanning dependencies of target _hivemind_generate_messages_check_deps_SATO[0m
[  0%] Built target _hivemind_generate_messages_check_deps_SATO
[35m[1mScanning dependencies of target _hivemind_generate_messages_check_deps_reaction_wheel[0m
[  0%] Built target _hivemind_generate_messages_check_deps_reaction_wheel
[35m[1mScanning dependencies of target _hivemind_generate_messages_check_deps_SATO_controller[0m
[  0%] Built target _hivemind_generate_messages_check_deps_SATO_controller
[35m[1mScanning dependencies of target std_msgs_generate_messages_cpp[0m
[  0%] Built target std_msgs_generate_messages_cpp
[35m[1mScanning dependencies of target geometry_msgs_generate_messages_cpp[0m
[  0%] Built target geometry_msgs_generate_messages_cpp
[35m[1mScanning dependencies of target _hivemind_generate_messages_check_deps_Thrusters8[0m
[  0%] Built target _hivemind_generate_messages_check_deps_Thrusters8
[35m[1mScanning dependencies of target _hivemind_generate_messages_check_deps_Velocity3[0m
[  0%] Built target _hivemind_generate_messages_check_deps_Velocity3
[35m[1mScanning dependencies of target geometry_msgs_generate_messages_nodejs[0m
[  0%] Built target geometry_msgs_generate_messages_nodejs
[35m[1mScanning dependencies of target std_msgs_generate_messages_nodejs[0m
[  0%] Built target std_msgs_generate_messages_nodejs
[35m[1mScanning dependencies of target geometry_msgs_generate_messages_lisp[0m
[  0%] Built target geometry_msgs_generate_messages_lisp
[35m[1mScanning dependencies of target std_msgs_generate_messages_lisp[0m
[  0%] Built target std_msgs_generate_messages_lisp
[35m[1mScanning dependencies of target geometry_msgs_generate_messages_eus[0m
[  0%] Built target geometry_msgs_generate_messages_eus
[35m[1mScanning dependencies of target std_msgs_generate_messages_eus[0m
[  0%] Built target std_msgs_generate_messages_eus
[35m[1mScanning dependencies of target geometry_msgs_generate_messages_py[0m
[  0%] Built target geometry_msgs_generate_messages_py
[35m[1mScanning dependencies of target std_msgs_generate_messages_py[0m
[  0%] Built target std_msgs_generate_messages_py
[35m[1mScanning dependencies of target hivemind_generate_messages_cpp[0m
[  1%] [34m[1mGenerating C++ code from hivemind/Thrusters16.msg[0m
[  3%] [34m[1mGenerating C++ code from hivemind/Velocity3.msg[0m
[  5%] [34m[1mGenerating C++ code from hivemind/Thrusters8.msg[0m
[35m[1mScanning dependencies of target hivemind_generate_messages_nodejs[0m
[  6%] [34m[1mGenerating Javascript code from hivemind/Thrusters16.msg[0m
[  8%] [34m[1mGenerating Javascript code from hivemind/Velocity3.msg[0m
[ 10%] [34m[1mGenerating Javascript code from hivemind/Thrusters8.msg[0m
[ 12%] [34m[1mGenerating C++ code from hivemind/SATO_controller.msg[0m
[ 13%] [34m[1mGenerating Javascript code from hivemind/SATO_controller.msg[0m
[ 15%] [34m[1mGenerating Javascript code from hivemind/SATO.srv[0m
[ 17%] [34m[1mGenerating Javascript code from hivemind/reaction_wheel.srv[0m
[ 18%] [34m[1mGenerating Javascript code from hivemind/CVXpy.srv[0m
[ 20%] [34m[1mGenerating C++ code from hivemind/SATO.srv[0m
[ 22%] [34m[1mGenerating Javascript code from hivemind/plotting.srv[0m
[ 22%] Built target hivemind_generate_messages_nodejs
[35m[1mScanning dependencies of target hivemind_generate_messages_lisp[0m
[ 24%] [34m[1mGenerating Lisp code from hivemind/Thrusters16.msg[0m
[ 25%] [34m[1mGenerating Lisp code from hivemind/Velocity3.msg[0m
[ 27%] [34m[1mGenerating Lisp code from hivemind/Thrusters8.msg[0m
[ 29%] [34m[1mGenerating Lisp code from hivemind/SATO_controller.msg[0m
[ 31%] [34m[1mGenerating Lisp code from hivemind/SATO.srv[0m
[ 32%] [34m[1mGenerating Lisp code from hivemind/reaction_wheel.srv[0m
[ 34%] [34m[1mGenerating C++ code from hivemind/reaction_wheel.srv[0m
[ 36%] [34m[1mGenerating Lisp code from hivemind/CVXpy.srv[0m
[ 37%] [34m[1mGenerating Lisp code from hivemind/plotting.srv[0m
[ 37%] Built target hivemind_generate_messages_lisp
[35m[1mScanning dependencies of target hivemind_generate_messages_eus[0m
[ 39%] [34m[1mGenerating EusLisp code from hivemind/Thrusters16.msg[0m
[ 41%] [34m[1mGenerating EusLisp code from hivemind/Velocity3.msg[0m
[ 43%] [34m[1mGenerating C++ code from hivemind/CVXpy.srv[0m
[ 44%] [34m[1mGenerating EusLisp code from hivemind/Thrusters8.msg[0m
[ 46%] [34m[1mGenerating EusLisp code from hivemind/SATO_controller.msg[0m
[ 48%] [34m[1mGenerating EusLisp code from hivemind/SATO.srv[0m
[ 50%] [34m[1mGenerating EusLisp code from hivemind/reaction_wheel.srv[0m
[ 51%] [34m[1mGenerating C++ code from hivemind/plotting.srv[0m
[ 53%] [34m[1mGenerating EusLisp code from hivemind/CVXpy.srv[0m
[ 55%] [34m[1mGenerating EusLisp code from hivemind/plotting.srv[0m
[ 56%] [34m[1mGenerating EusLisp manifest code for hivemind[0m
[ 56%] Built target hivemind_generate_messages_cpp
[35m[1mScanning dependencies of target hivemind_generate_messages_py[0m
[ 58%] [34m[1mGenerating Python from MSG hivemind/Thrusters16[0m
[ 60%] [34m[1mGenerating Python from MSG hivemind/Velocity3[0m
[ 62%] [34m[1mGenerating Python from MSG hivemind/Thrusters8[0m
[ 63%] [34m[1mGenerating Python from MSG hivemind/SATO_controller[0m
[ 65%] [34m[1mGenerating Python code from SRV hivemind/SATO[0m
[ 67%] [34m[1mGenerating Python code from SRV hivemind/reaction_wheel[0m
[ 68%] [34m[1mGenerating Python code from SRV hivemind/CVXpy[0m
[ 68%] Built target hivemind_generate_messages_eus
[35m[1mScanning dependencies of target control_node[0m
[ 70%] [32mBuilding CXX object CMakeFiles/control_node.dir/src/main.cpp.o[0m
[ 72%] [34m[1mGenerating Python code from SRV hivemind/plotting[0m
[ 74%] [34m[1mGenerating Python msg __init__.py for hivemind[0m
[ 75%] [34m[1mGenerating Python srv __init__.py for hivemind[0m
[ 75%] Built target hivemind_generate_messages_py
[35m[1mScanning dependencies of target dummy_data_node[0m
[ 77%] [32mBuilding CXX object CMakeFiles/dummy_data_node.dir/src/navigation/DummyViconData/DummyData.cpp.o[0m
[ 79%] [32m[1mLinking CXX executable /home/jksun/surf-2019/jksun_ws/devel/.private/hivemind/lib/hivemind/dummy_data_node[0m
[ 79%] Built target dummy_data_node
[35m[1mScanning dependencies of target hivemind_generate_messages[0m
[ 79%] Built target hivemind_generate_messages
[ 81%] [32mBuilding CXX object CMakeFiles/control_node.dir/src/constants.cpp.o[0m
[ 82%] [32mBuilding CXX object CMakeFiles/control_node.dir/src/State.cpp.o[0m
[ 84%] [32mBuilding CXX object CMakeFiles/control_node.dir/src/controllers/Controller.cpp.o[0m
[ 86%] [32mBuilding CXX object CMakeFiles/control_node.dir/src/controllers/SCSim6DOF.cpp.o[0m
[ 87%] [32mBuilding CXX object CMakeFiles/control_node.dir/src/controllers/TestBot.cpp.o[0m
[ 89%] [32mBuilding CXX object CMakeFiles/control_node.dir/src/guidance/FMPGuidance.cpp.o[0m
[ 91%] [32mBuilding CXX object CMakeFiles/control_node.dir/src/guidance/WaypointGuidance.cpp.o[0m
[ 93%] [32mBuilding CXX object CMakeFiles/control_node.dir/src/guidance/SATOGuidance.cpp.o[0m
[ 94%] [32mBuilding CXX object CMakeFiles/control_node.dir/src/guidance/SESCP/SESCP.cpp.o[0m
[ 96%] [32mBuilding CXX object CMakeFiles/control_node.dir/src/navigation/Vicon.cpp.o[0m
[ 98%] [32mBuilding CXX object CMakeFiles/control_node.dir/src/navigation/TestNav.cpp.o[0m
[100%] [32m[1mLinking CXX executable /home/jksun/surf-2019/jksun_ws/devel/.private/hivemind/lib/hivemind/control_node[0m
[100%] Built target control_node
