[  0%] Built target std_srvs_generate_messages_py
[  0%] Built target custom_msgs_generate_messages_nodejs
[  0%] Built target std_srvs_generate_messages_nodejs
[  0%] Built target geometry_msgs_generate_messages_py
[  0%] Built target custom_msgs_generate_messages_py
[  0%] Built target sensor_msgs_generate_messages_lisp
[  0%] Built target geometry_msgs_generate_messages_lisp
[  0%] Built target actionlib_generate_messages_lisp
[  0%] Built target geometry_msgs_generate_messages_cpp
[  0%] Built target gazebo_ros_gencfg
[  0%] Built target std_msgs_generate_messages_py
[  0%] Built target std_msgs_generate_messages_nodejs
[  0%] Built target tf_generate_messages_nodejs
[  0%] Built target std_msgs_generate_messages_cpp
[  0%] Built target actionlib_msgs_generate_messages_nodejs
[  0%] Built target roscpp_generate_messages_cpp
[  0%] Built target sensor_msgs_generate_messages_nodejs
[  0%] Built target actionlib_generate_messages_cpp
[  0%] Built target geometry_msgs_generate_messages_nodejs
[  0%] Built target tf_generate_messages_lisp
[  0%] Built target std_srvs_generate_messages_eus
[  0%] Built target roscpp_generate_messages_lisp
[  0%] Built target gazebo_msgs_generate_messages_lisp
[  0%] Built target std_msgs_generate_messages_lisp
[  0%] Built target roscpp_generate_messages_nodejs
[  0%] Built target std_srvs_generate_messages_lisp
[  0%] Built target roscpp_generate_messages_py
[  0%] Built target trajectory_msgs_generate_messages_eus
[  0%] Built target rosgraph_msgs_generate_messages_cpp
[  0%] Built target std_srvs_generate_messages_cpp
[  0%] Built target tf_generate_messages_eus
[  0%] Built target actionlib_msgs_generate_messages_cpp
[  0%] Built target rosgraph_msgs_generate_messages_eus
[  0%] Built target gazebo_msgs_generate_messages_nodejs
[  0%] Built target rosgraph_msgs_generate_messages_lisp
[  0%] Built target dynamic_reconfigure_generate_messages_cpp
[  0%] Built target tf_generate_messages_py
[  0%] Built target sensor_msgs_generate_messages_py
[  0%] Built target std_msgs_generate_messages_eus
[  0%] Built target gazebo_msgs_generate_messages_py
[  0%] Built target rosgraph_msgs_generate_messages_nodejs
[  0%] Built target trajectory_msgs_generate_messages_py
[  0%] Built target sensor_msgs_generate_messages_eus
[  0%] Built target sensor_msgs_generate_messages_cpp
[  0%] Built target actionlib_generate_messages_eus
[  0%] Built target tf_generate_messages_cpp
[  0%] Built target roscpp_generate_messages_eus
[  0%] Built target actionlib_generate_messages_nodejs
[  0%] Built target rosgraph_msgs_generate_messages_py
[  0%] Built target actionlib_msgs_generate_messages_eus
[  0%] Built target actionlib_msgs_generate_messages_lisp
[  0%] Built target actionlib_msgs_generate_messages_py
[  0%] Built target tf2_msgs_generate_messages_cpp
[  0%] Built target tf2_msgs_generate_messages_eus
[  0%] Built target tf2_msgs_generate_messages_nodejs
[  0%] Built target dynamic_reconfigure_generate_messages_eus
[  0%] Built target gazebo_msgs_generate_messages_cpp
[  0%] Built target dynamic_reconfigure_generate_messages_lisp
[  0%] Built target dynamic_reconfigure_generate_messages_py
[  0%] Built target dynamic_reconfigure_generate_messages_nodejs
[  0%] Built target tf2_msgs_generate_messages_lisp
[  0%] Built target dynamic_reconfigure_gencfg
[  0%] Built target gazebo_msgs_generate_messages_eus
[  0%] Built target trajectory_msgs_generate_messages_cpp
[  0%] Built target trajectory_msgs_generate_messages_lisp
[  0%] Built target trajectory_msgs_generate_messages_nodejs
[  0%] Built target geometry_msgs_generate_messages_eus
[  0%] Built target custom_msgs_generate_messages_cpp
[  0%] Built target custom_msgs_generate_messages_eus
[  0%] Built target actionlib_generate_messages_py
[  0%] Built target tf2_msgs_generate_messages_py
[  0%] Built target custom_msgs_generate_messages_lisp
[35m[1mScanning dependencies of target spacecraft_thruster_force[0m
[ 50%] [32mBuilding CXX object CMakeFiles/spacecraft_thruster_force.dir/src/spacecraft_thruster_force.cpp.o[0m
[01m[K/home/jksun/surf-2019/jksun_ws/src/gazebo_plugins/src/spacecraft_thruster_force.cpp:[m[K In member function ‘[01m[Kvirtual void gazebo::SpacecraftThrusterForce::Load(gazebo::physics::ModelPtr, sdf::ElementPtr)[m[K’:
[01m[K/home/jksun/surf-2019/jksun_ws/src/gazebo_plugins/src/spacecraft_thruster_force.cpp:111:47:[m[K [01;31m[Kerror: [m[K‘[01m[KConnectWorldUNew[m[K’ is not a member of ‘[01m[Kgazebo::event::Events[m[K’
     this->update_connection_ = event::Events::[01;31m[KConnectWorldUNew[m[K Mechanism for Updating every World CyclepdateBegin(
                                               [01;31m[K^~~~~~~~~~~~~~~~[m[K
CMakeFiles/spacecraft_thruster_force.dir/build.make:62: recipe for target 'CMakeFiles/spacecraft_thruster_force.dir/src/spacecraft_thruster_force.cpp.o' failed
CMakeFiles/Makefile2:2538: recipe for target 'CMakeFiles/spacecraft_thruster_force.dir/all' failed
Makefile:140: recipe for target 'all' failed
make[2]: *** [CMakeFiles/spacecraft_thruster_force.dir/src/spacecraft_thruster_force.cpp.o] Error 1
make[1]: *** [CMakeFiles/spacecraft_thruster_force.dir/all] Error 2
make: *** [all] Error 2
