Determining if the pthread_create exist failed with the following output:
Change Dir: /home/arclvm/jksun_ws/build/catkin_tools_prebuild/CMakeFiles/CMakeTmp

Run Build Command:"/usr/bin/make" "cmTC_a049d/fast"
/usr/bin/make -f CMakeFiles/cmTC_a049d.dir/build.make CMakeFiles/cmTC_a049d.dir/build
make[1]: Entering directory '/home/arclvm/jksun_ws/build/catkin_tools_prebuild/CMakeFiles/CMakeTmp'
Building C object CMakeFiles/cmTC_a049d.dir/CheckSymbolExists.c.o
/usr/bin/cc     -o CMakeFiles/cmTC_a049d.dir/CheckSymbolExists.c.o   -c /home/arclvm/jksun_ws/build/catkin_tools_prebuild/CMakeFiles/CMakeTmp/CheckSymbolExists.c
Linking C executable cmTC_a049d
/usr/bin/cmake -E cmake_link_script CMakeFiles/cmTC_a049d.dir/link.txt --verbose=1
/usr/bin/cc       CMakeFiles/cmTC_a049d.dir/CheckSymbolExists.c.o  -o cmTC_a049d -rdynamic 
CMakeFiles/cmTC_a049d.dir/CheckSymbolExists.c.o: In function `main':
CheckSymbolExists.c:(.text+0x16): undefined reference to `pthread_create'
collect2: error: ld returned 1 exit status
CMakeFiles/cmTC_a049d.dir/build.make:97: recipe for target 'cmTC_a049d' failed
make[1]: *** [cmTC_a049d] Error 1
make[1]: Leaving directory '/home/arclvm/jksun_ws/build/catkin_tools_prebuild/CMakeFiles/CMakeTmp'
Makefile:126: recipe for target 'cmTC_a049d/fast' failed
make: *** [cmTC_a049d/fast] Error 2

File /home/arclvm/jksun_ws/build/catkin_tools_prebuild/CMakeFiles/CMakeTmp/CheckSymbolExists.c:
/* */
#include <pthread.h>

int main(int argc, char** argv)
{
  (void)argv;
#ifndef pthread_create
  return ((int*)(&pthread_create))[argc];
#else
  (void)argc;
  return 0;
#endif
}

Determining if the function pthread_create exists in the pthreads failed with the following output:
Change Dir: /home/arclvm/jksun_ws/build/catkin_tools_prebuild/CMakeFiles/CMakeTmp

Run Build Command:"/usr/bin/make" "cmTC_216ae/fast"
/usr/bin/make -f CMakeFiles/cmTC_216ae.dir/build.make CMakeFiles/cmTC_216ae.dir/build
make[1]: Entering directory '/home/arclvm/jksun_ws/build/catkin_tools_prebuild/CMakeFiles/CMakeTmp'
Building C object CMakeFiles/cmTC_216ae.dir/CheckFunctionExists.c.o
/usr/bin/cc    -DCHECK_FUNCTION_EXISTS=pthread_create   -o CMakeFiles/cmTC_216ae.dir/CheckFunctionExists.c.o   -c /usr/share/cmake-3.5/Modules/CheckFunctionExists.c
Linking C executable cmTC_216ae
/usr/bin/cmake -E cmake_link_script CMakeFiles/cmTC_216ae.dir/link.txt --verbose=1
/usr/bin/cc   -DCHECK_FUNCTION_EXISTS=pthread_create    CMakeFiles/cmTC_216ae.dir/CheckFunctionExists.c.o  -o cmTC_216ae -rdynamic -lpthreads 
/usr/bin/ld: cannot find -lpthreads
collect2: error: ld returned 1 exit status
CMakeFiles/cmTC_216ae.dir/build.make:97: recipe for target 'cmTC_216ae' failed
make[1]: *** [cmTC_216ae] Error 1
make[1]: Leaving directory '/home/arclvm/jksun_ws/build/catkin_tools_prebuild/CMakeFiles/CMakeTmp'
Makefile:126: recipe for target 'cmTC_216ae/fast' failed
make: *** [cmTC_216ae/fast] Error 2


