[35m[1mScanning dependencies of target std_msgs_generate_messages_py[0m
[35m[1mScanning dependencies of target _blackroom_generate_messages_check_deps_Thrusters8[0m
[  0%] Built target std_msgs_generate_messages_py
[35m[1mScanning dependencies of target std_msgs_generate_messages_nodejs[0m
[  0%] Built target std_msgs_generate_messages_nodejs
[  0%] Built target _blackroom_generate_messages_check_deps_Thrusters8
[35m[1mScanning dependencies of target std_msgs_generate_messages_lisp[0m
[35m[1mScanning dependencies of target std_msgs_generate_messages_cpp[0m
[  0%] Built target std_msgs_generate_messages_lisp
[  0%] Built target std_msgs_generate_messages_cpp
[35m[1mScanning dependencies of target std_msgs_generate_messages_eus[0m
[  0%] Built target std_msgs_generate_messages_eus
[35m[1mScanning dependencies of target blackroom_generate_messages_py[0m
[35m[1mScanning dependencies of target blackroom_generate_messages_nodejs[0m
[ 14%] [34m[1mGenerating Python from MSG blackroom/Thrusters8[0m
[ 28%] [34m[1mGenerating Javascript code from blackroom/Thrusters8.msg[0m
[ 28%] Built target blackroom_generate_messages_nodejs
[35m[1mScanning dependencies of target blackroom_generate_messages_lisp[0m
[ 42%] [34m[1mGenerating Lisp code from blackroom/Thrusters8.msg[0m
[ 42%] Built target blackroom_generate_messages_lisp
[ 57%] [34m[1mGenerating Python msg __init__.py for blackroom[0m
[35m[1mScanning dependencies of target blackroom_generate_messages_cpp[0m
[ 71%] [34m[1mGenerating C++ code from blackroom/Thrusters8.msg[0m
[ 71%] Built target blackroom_generate_messages_py
[35m[1mScanning dependencies of target blackroom_generate_messages_eus[0m
[ 85%] [34m[1mGenerating EusLisp code from blackroom/Thrusters8.msg[0m
[ 85%] Built target blackroom_generate_messages_cpp
[100%] [34m[1mGenerating EusLisp manifest code for blackroom[0m
[100%] Built target blackroom_generate_messages_eus
[35m[1mScanning dependencies of target blackroom_generate_messages[0m
[100%] Built target blackroom_generate_messages
