Determining if the pthread_create exist failed with the following output:
Change Dir: /home/jksun/surf-2019/jksun_ws/build/spacecraft_simulator_description/CMakeFiles/CMakeTmp

Run Build Command:"/usr/bin/make" "cmTC_3a529/fast"
/usr/bin/make -f CMakeFiles/cmTC_3a529.dir/build.make CMakeFiles/cmTC_3a529.dir/build
make[1]: Entering directory '/home/jksun/surf-2019/jksun_ws/build/spacecraft_simulator_description/CMakeFiles/CMakeTmp'
Building C object CMakeFiles/cmTC_3a529.dir/CheckSymbolExists.c.o
/usr/bin/cc    -o CMakeFiles/cmTC_3a529.dir/CheckSymbolExists.c.o   -c /home/jksun/surf-2019/jksun_ws/build/spacecraft_simulator_description/CMakeFiles/CMakeTmp/CheckSymbolExists.c
Linking C executable cmTC_3a529
/usr/bin/cmake -E cmake_link_script CMakeFiles/cmTC_3a529.dir/link.txt --verbose=1
/usr/bin/cc      -rdynamic CMakeFiles/cmTC_3a529.dir/CheckSymbolExists.c.o  -o cmTC_3a529 
CMakeFiles/cmTC_3a529.dir/CheckSymbolExists.c.o: In function `main':
CheckSymbolExists.c:(.text+0x1b): undefined reference to `pthread_create'
collect2: error: ld returned 1 exit status
CMakeFiles/cmTC_3a529.dir/build.make:97: recipe for target 'cmTC_3a529' failed
make[1]: *** [cmTC_3a529] Error 1
make[1]: Leaving directory '/home/jksun/surf-2019/jksun_ws/build/spacecraft_simulator_description/CMakeFiles/CMakeTmp'
Makefile:126: recipe for target 'cmTC_3a529/fast' failed
make: *** [cmTC_3a529/fast] Error 2

File /home/jksun/surf-2019/jksun_ws/build/spacecraft_simulator_description/CMakeFiles/CMakeTmp/CheckSymbolExists.c:
/* */
#include <pthread.h>

int main(int argc, char** argv)
{
  (void)argv;
#ifndef pthread_create
  return ((int*)(&pthread_create))[argc];
#else
  (void)argc;
  return 0;
#endif
}

Determining if the function pthread_create exists in the pthreads failed with the following output:
Change Dir: /home/jksun/surf-2019/jksun_ws/build/spacecraft_simulator_description/CMakeFiles/CMakeTmp

Run Build Command:"/usr/bin/make" "cmTC_defdf/fast"
/usr/bin/make -f CMakeFiles/cmTC_defdf.dir/build.make CMakeFiles/cmTC_defdf.dir/build
make[1]: Entering directory '/home/jksun/surf-2019/jksun_ws/build/spacecraft_simulator_description/CMakeFiles/CMakeTmp'
Building C object CMakeFiles/cmTC_defdf.dir/CheckFunctionExists.c.o
/usr/bin/cc   -DCHECK_FUNCTION_EXISTS=pthread_create   -o CMakeFiles/cmTC_defdf.dir/CheckFunctionExists.c.o   -c /usr/share/cmake-3.10/Modules/CheckFunctionExists.c
Linking C executable cmTC_defdf
/usr/bin/cmake -E cmake_link_script CMakeFiles/cmTC_defdf.dir/link.txt --verbose=1
/usr/bin/cc  -DCHECK_FUNCTION_EXISTS=pthread_create    -rdynamic CMakeFiles/cmTC_defdf.dir/CheckFunctionExists.c.o  -o cmTC_defdf -lpthreads 
/usr/bin/ld: cannot find -lpthreads
collect2: error: ld returned 1 exit status
CMakeFiles/cmTC_defdf.dir/build.make:97: recipe for target 'cmTC_defdf' failed
make[1]: *** [cmTC_defdf] Error 1
make[1]: Leaving directory '/home/jksun/surf-2019/jksun_ws/build/spacecraft_simulator_description/CMakeFiles/CMakeTmp'
Makefile:126: recipe for target 'cmTC_defdf/fast' failed
make: *** [cmTC_defdf/fast] Error 2


